
> anno@0.1.0 dev
> next dev --turbopack

   ▲ Next.js 15.1.1 (Turbopack)
   - Local:        http://localhost:3000
   - Network:      http://10.37.83.177:3000

 ✓ Starting...
 ✓ Ready in 534ms
 ○ Compiling / ...
 ✓ Compiled / in 1751ms
 GET / 200 in 1877ms
[?25h

> anno@0.1.0 dev
> next dev --turbopack

   ▲ Next.js 15.1.1 (Turbopack)
   - Local:        http://localhost:3000
   - Network:      http://10.37.83.177:3000

 ✓ Starting...
 ✓ Ready in 537ms
 ○ Compiling / ...
 ✓ Compiled / in 1719ms
 GET / 200 in 1848ms
 ✓ Compiled /favicon.ico in 53ms
 GET /favicon.ico?favicon.45db1c09.ico 200 in 80ms
 ○ Compiling /anno ...
 ✓ Compiled /anno in 1255ms
 GET /anno?userid=17 200 in 1267ms
 ✓ Compiled /_not-found/page in 47ms
 GET /null 404 in 60ms
 ✓ Compiled in 19ms
[?25h

> anno@0.1.0 dev
> next dev --turbopack

   ▲ Next.js 15.1.1 (Turbopack)
   - Local:        http://localhost:3000
   - Network:      http://10.37.83.177:3000

 ✓ Starting...
 ✓ Ready in 533ms
 ○ Compiling /anno ...
 ✓ Compiled /anno in 2.8s
 GET /anno?userid=17 200 in 3003ms
 ✓ Compiled /_not-found/page in 46ms
 GET /null 404 in 59ms
 ✓ Compiled /favicon.ico in 52ms
 GET /favicon.ico?favicon.45db1c09.ico 200 in 75ms
 ✓ Compiled in 18ms
[?25h

> anno@0.1.0 dev
> next dev --turbopack

   ▲ Next.js 15.1.1 (Turbopack)
   - Local:        http://localhost:3000
   - Network:      http://10.37.83.177:3000

 ✓ Starting...
 ✓ Ready in 534ms
 ○ Compiling / ...
 ✓ Compiled / in 1839ms
 GET / 200 in 1966ms
 ✓ Compiled /favicon.ico in 55ms
 GET /favicon.ico?favicon.45db1c09.ico 200 in 76ms
 GET / 200 in 16ms
 GET /favicon.ico?favicon.45db1c09.ico 200 in 7ms
 ○ Compiling /anno ...
 ✓ Compiled /anno in 1237ms
 GET /anno?userid=15 200 in 1249ms
 ✓ Compiled /_not-found/page in 43ms
 GET /null 404 in 65ms
 GET / 200 in 14ms
 GET /anno?userid=17 200 in 11ms
 GET /null 404 in 11ms
 GET / 200 in 12ms
 GET /anno?userid=1 200 in 10ms
 GET /null 404 in 12ms
 GET / 200 in 13ms
 GET / 200 in 13ms
 GET /favicon.ico?favicon.45db1c09.ico 200 in 9ms
 GET /anno?userid=6 200 in 11ms
 GET /null 404 in 11ms
 GET / 200 in 11ms
 GET /favicon.ico?favicon.45db1c09.ico 200 in 7ms
 GET /anno?userid=18 200 in 10ms
 GET /null 404 in 10ms
 GET / 200 in 12ms
 GET /favicon.ico?favicon.45db1c09.ico 200 in 6ms
 GET /anno?userid=19 200 in 9ms
 GET /null 404 in 12ms
 GET / 200 in 14ms
 GET /favicon.ico?favicon.45db1c09.ico 200 in 7ms
 GET /anno?userid=2 200 in 10ms
 GET /null 404 in 11ms
 GET / 200 in 12ms
 GET /favicon.ico?favicon.45db1c09.ico 200 in 6ms
 GET /anno?userid=4 200 in 9ms
 GET /null 404 in 15ms
 GET /anno?userid=2 200 in 146ms
 GET /null 404 in 10ms
 GET /favicon.ico?favicon.45db1c09.ico 200 in 5ms
 GET / 200 in 7ms
 GET /anno?userid=4 200 in 13ms
 GET /anno?userid=2 200 in 12ms
 GET /null 404 in 13ms
 GET /null 404 in 11ms
 GET /anno?userid=2 200 in 30ms
 GET /favicon.ico?favicon.45db1c09.ico 200 in 6ms
 GET /null 404 in 9ms
 GET /anno?userid=2 200 in 26ms
 GET /null 404 in 10ms
 GET /favicon.ico?favicon.45db1c09.ico 200 in 4ms
 GET /anno?userid=2 200 in 24ms
 GET /null 404 in 11ms
 GET /favicon.ico?favicon.45db1c09.ico 200 in 7ms
 GET /anno?userid=2 200 in 25ms
 GET /null 404 in 9ms
 GET /favicon.ico?favicon.45db1c09.ico 200 in 5ms
 GET /null 404 in 10ms
 GET /null 404 in 9ms
 GET /null 404 in 10ms
 GET /anno?userid=18 200 in 22ms
 GET /favicon.ico?favicon.45db1c09.ico 200 in 6ms
 GET /null 404 in 10ms
 GET /null 404 in 11ms
 GET /anno?userid=2 200 in 23ms
 GET /null 404 in 12ms
 GET /favicon.ico?favicon.45db1c09.ico 200 in 7ms
 GET / 200 in 13ms
 GET /favicon.ico?favicon.45db1c09.ico 200 in 7ms
 GET / 200 in 11ms
 GET /favicon.ico?favicon.45db1c09.ico 200 in 6ms
 GET /anno?userid=10 200 in 8ms
 GET /null 404 in 9ms
 GET /null 404 in 10ms
 GET /anno?userid=16 200 in 9ms
 GET /null 404 in 11ms
 GET /anno?userid=16 200 in 8ms
 GET /null 404 in 10ms
 GET /null 404 in 10ms
 GET / 200 in 15ms
 GET /favicon.ico?favicon.45db1c09.ico 200 in 6ms
 GET /anno?userid=4 200 in 7ms
 GET /null 404 in 9ms
 GET /null 404 in 10ms
 GET /null 404 in 10ms
 GET / 200 in 12ms
 GET /anno?userid=4 200 in 8ms
 GET /null 404 in 11ms
 GET / 200 in 11ms
 GET /anno?userid=6 200 in 9ms
 GET /null 404 in 9ms
 GET / 200 in 11ms
 GET /favicon.ico?favicon.45db1c09.ico 200 in 6ms
 GET /anno?userid=15 200 in 8ms
 GET /null 404 in 9ms
 GET / 200 in 12ms
 GET /anno?userid=6 200 in 10ms
 GET /null 404 in 15ms
 GET / 200 in 11ms
 GET /favicon.ico?favicon.45db1c09.ico 200 in 5ms
 GET /anno?userid=12 200 in 10ms
 GET /null 404 in 10ms
 GET /null 404 in 9ms
 GET / 200 in 12ms
 GET / 200 in 12ms
 GET / 200 in 10ms
 GET /anno?userid=1 200 in 8ms
 GET /null 404 in 9ms
 GET /null 404 in 11ms
 GET / 200 in 12ms
 GET /favicon.ico?favicon.45db1c09.ico 200 in 7ms
 GET / 200 in 12ms
 GET /favicon.ico?favicon.45db1c09.ico 200 in 6ms
 GET /anno?userid=13 200 in 9ms
 GET /null 404 in 10ms
 GET /anno?userid=3 200 in 10ms
 GET /null 404 in 16ms
 GET / 200 in 11ms
 GET /favicon.ico?favicon.45db1c09.ico 200 in 5ms
 GET /favicon.ico?favicon.45db1c09.ico 200 in 4ms
 GET / 200 in 12ms
 GET / 200 in 11ms
 GET /favicon.ico?favicon.45db1c09.ico 200 in 6ms
 GET /anno?userid=4 200 in 9ms
 GET /null 404 in 9ms
 GET /favicon.ico?favicon.45db1c09.ico 200 in 9ms
 GET /favicon.ico?favicon.45db1c09.ico 200 in 5ms
 GET / 200 in 11ms
 GET /favicon.ico?favicon.45db1c09.ico 200 in 6ms
 GET / 200 in 12ms
 GET /favicon.ico?favicon.45db1c09.ico 200 in 8ms
 GET /anno?userid=5 200 in 10ms
 GET /null 404 in 9ms
 GET /null 404 in 11ms
 GET /anno?userid=15 200 in 22ms
 GET /favicon.ico?favicon.45db1c09.ico 200 in 6ms
 GET /null 404 in 9ms
 GET /null 404 in 9ms
 GET / 200 in 12ms
 GET /favicon.ico?favicon.45db1c09.ico 200 in 7ms
 GET /anno?userid=14 200 in 9ms
 GET /null 404 in 10ms
 GET /null 404 in 11ms
 GET /null 404 in 11ms
 GET /anno?userid=14 200 in 23ms
 GET /favicon.ico?favicon.45db1c09.ico 200 in 7ms
 GET /null 404 in 9ms
 GET /anno?userid=14 200 in 24ms
 GET /favicon.ico?favicon.45db1c09.ico 200 in 6ms
 GET /null 404 in 7ms
 GET /null 404 in 9ms
 GET /null 404 in 11ms
 GET / 200 in 12ms
 GET /favicon.ico?favicon.45db1c09.ico 200 in 6ms
 GET /anno?userid=17 200 in 9ms
 GET /null 404 in 11ms
 GET / 200 in 11ms
 GET /anno?userid=6 200 in 9ms
 GET /null 404 in 9ms
 GET / 200 in 14ms
 GET /favicon.ico?favicon.45db1c09.ico 200 in 6ms
 GET /anno?userid=7 200 in 8ms
 GET /null 404 in 10ms
 GET / 200 in 12ms
 GET /anno?userid=6 200 in 8ms
 GET /null 404 in 9ms
 GET /null 404 in 10ms
 GET /null 404 in 10ms
 GET /anno?userid=4 200 in 24ms
 GET /favicon.ico?favicon.45db1c09.ico 200 in 6ms
 GET /null 404 in 10ms
 GET / 200 in 7ms
 GET /anno?userid=7 200 in 8ms
 GET /null 404 in 11ms
 GET /null 404 in 14ms
 GET /null 404 in 9ms
 GET /anno?userid=7 200 in 21ms
 GET /favicon.ico?favicon.45db1c09.ico 200 in 6ms
 GET /null 404 in 9ms
 GET / 200 in 10ms
 GET / 200 in 11ms
 GET /favicon.ico?favicon.45db1c09.ico 200 in 8ms
 GET /anno?userid=8 200 in 11ms
 GET /null 404 in 14ms
 GET / 200 in 14ms
 GET /favicon.ico?favicon.45db1c09.ico 200 in 5ms
 GET /anno?userid=20 200 in 10ms
 GET /null 404 in 9ms
 GET /anno?userid=20 200 in 23ms
 GET /null 404 in 8ms
 GET /null 404 in 9ms
 GET /anno?userid=20 200 in 19ms
 GET /null 404 in 9ms
 GET /favicon.ico?favicon.45db1c09.ico 200 in 4ms
 GET /anno?userid=7 200 in 21ms
 GET /null 404 in 10ms
 GET / 200 in 15ms
 GET /favicon.ico?favicon.45db1c09.ico 200 in 9ms
 GET / 200 in 12ms
 GET /favicon.ico?favicon.45db1c09.ico 200 in 8ms
 GET /anno?userid=9 200 in 9ms
 GET /null 404 in 11ms
 GET / 200 in 14ms
 GET / 200 in 12ms
 GET /favicon.ico?favicon.45db1c09.ico 200 in 7ms
 GET /anno?userid=9 200 in 23ms
 GET /favicon.ico?favicon.45db1c09.ico 200 in 8ms
 GET /null 404 in 8ms
 GET /null 404 in 9ms
 GET /anno?userid=9 200 in 23ms
 GET /favicon.ico?favicon.45db1c09.ico 200 in 9ms
 GET /null 404 in 9ms
 GET / 200 in 11ms
 GET / 200 in 10ms
